Release 14.7 - xst P.20131013 (nt64)
Copyright (c) 1995-2013 Xilinx, Inc.  All rights reserved.
--> Parameter TMPDIR set to xst/projnav.tmp


Total REAL time to Xst completion: 0.00 secs
Total CPU time to Xst completion: 0.26 secs
 
--> Parameter xsthdpdir set to xst


Total REAL time to Xst completion: 0.00 secs
Total CPU time to Xst completion: 0.26 secs
 
--> Reading design: ConwayVGA.prj

TABLE OF CONTENTS
  1) Synthesis Options Summary
  2) HDL Parsing
  3) HDL Elaboration
  4) HDL Synthesis
       4.1) HDL Synthesis Report
  5) Advanced HDL Synthesis
       5.1) Advanced HDL Synthesis Report
  6) Low Level Synthesis
  7) Partition Report
  8) Design Summary
       8.1) Primitive and Black Box Usage
       8.2) Device utilization summary
       8.3) Partition Resource Summary
       8.4) Timing Report
            8.4.1) Clock Information
            8.4.2) Asynchronous Control Signals Information
            8.4.3) Timing Summary
            8.4.4) Timing Details
            8.4.5) Cross Clock Domains Report


=========================================================================
*                      Synthesis Options Summary                        *
=========================================================================
---- Source Parameters
Input File Name                    : "ConwayVGA.prj"
Ignore Synthesis Constraint File   : NO

---- Target Parameters
Output File Name                   : "ConwayVGA"
Output Format                      : NGC
Target Device                      : xc6slx16-3-csg324

---- Source Options
Top Module Name                    : ConwayVGA
Automatic FSM Extraction           : YES
FSM Encoding Algorithm             : Auto
Safe Implementation                : No
FSM Style                          : LUT
RAM Extraction                     : Yes
RAM Style                          : Auto
ROM Extraction                     : Yes
Shift Register Extraction          : YES
ROM Style                          : Auto
Resource Sharing                   : YES
Asynchronous To Synchronous        : NO
Shift Register Minimum Size        : 2
Use DSP Block                      : Auto
Automatic Register Balancing       : No

---- Target Options
LUT Combining                      : Auto
Reduce Control Sets                : Auto
Add IO Buffers                     : YES
Global Maximum Fanout              : 100000
Add Generic Clock Buffer(BUFG)     : 16
Register Duplication               : YES
Optimize Instantiated Primitives   : NO
Use Clock Enable                   : Auto
Use Synchronous Set                : Auto
Use Synchronous Reset              : Auto
Pack IO Registers into IOBs        : Auto
Equivalent register Removal        : YES

---- General Options
Optimization Goal                  : Speed
Optimization Effort                : 1
Power Reduction                    : NO
Keep Hierarchy                     : No
Netlist Hierarchy                  : As_Optimized
RTL Output                         : Yes
Global Optimization                : AllClockNets
Read Cores                         : YES
Write Timing Constraints           : NO
Cross Clock Analysis               : NO
Hierarchy Separator                : /
Bus Delimiter                      : <>
Case Specifier                     : Maintain
Slice Utilization Ratio            : 100
BRAM Utilization Ratio             : 100
DSP48 Utilization Ratio            : 100
Auto BRAM Packing                  : NO
Slice Utilization Ratio Delta      : 5

=========================================================================


=========================================================================
*                          HDL Parsing                                  *
=========================================================================
Analyzing Verilog file "C:\Users\Win10\Documents\GitHub\EE354-Final-Project\Conway_Game_of_Life\hvsync_generator.v" into library work
Parsing module <hvsync_generator>.
Analyzing Verilog file "C:\Users\Win10\Documents\GitHub\EE354-Final-Project\Conway_Game_of_Life\ConwayVGA.v" into library work
Parsing module <ConwayVGA>.

=========================================================================
*                            HDL Elaboration                            *
=========================================================================

Elaborating module <ConwayVGA>.

Elaborating module <BUF>.
WARNING:HDLCompiler:1127 - "C:\Users\Win10\Documents\GitHub\EE354-Final-Project\Conway_Game_of_Life\ConwayVGA.v" Line 32: Assignment to button_clk ignored, since the identifier is never used

Elaborating module <hvsync_generator>.
WARNING:HDLCompiler:413 - "C:\Users\Win10\Documents\GitHub\EE354-Final-Project\Conway_Game_of_Life\hvsync_generator.v" Line 42: Result of 11-bit expression is truncated to fit in 10-bit target.
WARNING:HDLCompiler:413 - "C:\Users\Win10\Documents\GitHub\EE354-Final-Project\Conway_Game_of_Life\hvsync_generator.v" Line 44: Result of 7-bit expression is truncated to fit in 6-bit target.
WARNING:HDLCompiler:413 - "C:\Users\Win10\Documents\GitHub\EE354-Final-Project\Conway_Game_of_Life\hvsync_generator.v" Line 59: Result of 11-bit expression is truncated to fit in 10-bit target.
WARNING:HDLCompiler:413 - "C:\Users\Win10\Documents\GitHub\EE354-Final-Project\Conway_Game_of_Life\hvsync_generator.v" Line 61: Result of 7-bit expression is truncated to fit in 6-bit target.
WARNING:HDLCompiler:413 - "C:\Users\Win10\Documents\GitHub\EE354-Final-Project\Conway_Game_of_Life\ConwayVGA.v" Line 54: Result of 11-bit expression is truncated to fit in 10-bit target.
WARNING:HDLCompiler:413 - "C:\Users\Win10\Documents\GitHub\EE354-Final-Project\Conway_Game_of_Life\ConwayVGA.v" Line 56: Result of 32-bit expression is truncated to fit in 10-bit target.
WARNING:HDLCompiler:634 - "C:\Users\Win10\Documents\GitHub\EE354-Final-Project\Conway_Game_of_Life\ConwayVGA.v" Line 59: Net <GameMatrix[15][15][63]> does not have a driver.
WARNING:HDLCompiler:634 - "C:\Users\Win10\Documents\GitHub\EE354-Final-Project\Conway_Game_of_Life\ConwayVGA.v" Line 110: Net <p2_score[3]> does not have a driver.
WARNING:HDLCompiler:634 - "C:\Users\Win10\Documents\GitHub\EE354-Final-Project\Conway_Game_of_Life\ConwayVGA.v" Line 111: Net <p1_score[3]> does not have a driver.
WARNING:HDLCompiler:634 - "C:\Users\Win10\Documents\GitHub\EE354-Final-Project\Conway_Game_of_Life\ConwayVGA.v" Line 112: Net <state[1]> does not have a driver.

=========================================================================
*                           HDL Synthesis                               *
=========================================================================

Synthesizing Unit <ConwayVGA>.
    Related source file is "C:\Users\Win10\Documents\GitHub\EE354-Final-Project\Conway_Game_of_Life\ConwayVGA.v".
WARNING:Xst:653 - Signal <GameMatrix<15><15>> is used but never assigned. This sourceless signal will be automatically connected to value GND.
WARNING:Xst:653 - Signal <GameMatrix<15><14>> is used but never assigned. This sourceless signal will be automatically connected to value GND.
WARNING:Xst:653 - Signal <GameMatrix<15><13>> is used but never assigned. This sourceless signal will be automatically connected to value GND.
WARNING:Xst:653 - Signal <GameMatrix<15><12>> is used but never assigned. This sourceless signal will be automatically connected to value GND.
WARNING:Xst:653 - Signal <GameMatrix<15><11>> is used but never assigned. This sourceless signal will be automatically connected to value GND.
WARNING:Xst:653 - Signal <GameMatrix<15><10>> is used but never assigned. This sourceless signal will be automatically connected to value GND.
WARNING:Xst:653 - Signal <GameMatrix<15><9>> is used but never assigned. This sourceless signal will be automatically connected to value GND.
WARNING:Xst:653 - Signal <GameMatrix<15><8>> is used but never assigned. This sourceless signal will be automatically connected to value GND.
WARNING:Xst:653 - Signal <GameMatrix<15><7>> is used but never assigned. This sourceless signal will be automatically connected to value GND.
WARNING:Xst:653 - Signal <GameMatrix<15><6>> is used but never assigned. This sourceless signal will be automatically connected to value GND.
WARNING:Xst:653 - Signal <GameMatrix<15><5>> is used but never assigned. This sourceless signal will be automatically connected to value GND.
WARNING:Xst:653 - Signal <GameMatrix<15><4>> is used but never assigned. This sourceless signal will be automatically connected to value GND.
WARNING:Xst:653 - Signal <GameMatrix<15><3>> is used but never assigned. This sourceless signal will be automatically connected to value GND.
WARNING:Xst:653 - Signal <GameMatrix<15><2>> is used but never assigned. This sourceless signal will be automatically connected to value GND.
WARNING:Xst:653 - Signal <GameMatrix<15><1>> is used but never assigned. This sourceless signal will be automatically connected to value GND.
WARNING:Xst:653 - Signal <GameMatrix<15><0>> is used but never assigned. This sourceless signal will be automatically connected to value GND.
WARNING:Xst:653 - Signal <GameMatrix<14><15>> is used but never assigned. This sourceless signal will be automatically connected to value GND.
WARNING:Xst:653 - Signal <GameMatrix<13><15>> is used but never assigned. This sourceless signal will be automatically connected to value GND.
WARNING:Xst:653 - Signal <GameMatrix<12><15>> is used but never assigned. This sourceless signal will be automatically connected to value GND.
WARNING:Xst:653 - Signal <GameMatrix<11><15>> is used but never assigned. This sourceless signal will be automatically connected to value GND.
WARNING:Xst:653 - Signal <GameMatrix<10><15>> is used but never assigned. This sourceless signal will be automatically connected to value GND.
WARNING:Xst:653 - Signal <GameMatrix<9><15>> is used but never assigned. This sourceless signal will be automatically connected to value GND.
WARNING:Xst:653 - Signal <GameMatrix<8><15>> is used but never assigned. This sourceless signal will be automatically connected to value GND.
WARNING:Xst:653 - Signal <GameMatrix<7><15>> is used but never assigned. This sourceless signal will be automatically connected to value GND.
WARNING:Xst:653 - Signal <GameMatrix<6><15>> is used but never assigned. This sourceless signal will be automatically connected to value GND.
WARNING:Xst:653 - Signal <GameMatrix<5><15>> is used but never assigned. This sourceless signal will be automatically connected to value GND.
WARNING:Xst:653 - Signal <GameMatrix<4><15>> is used but never assigned. This sourceless signal will be automatically connected to value GND.
WARNING:Xst:653 - Signal <GameMatrix<3><15>> is used but never assigned. This sourceless signal will be automatically connected to value GND.
WARNING:Xst:653 - Signal <GameMatrix<2><15>> is used but never assigned. This sourceless signal will be automatically connected to value GND.
WARNING:Xst:653 - Signal <GameMatrix<1><15>> is used but never assigned. This sourceless signal will be automatically connected to value GND.
WARNING:Xst:653 - Signal <GameMatrix<0><15>> is used but never assigned. This sourceless signal will be automatically connected to value GND.
WARNING:Xst:653 - Signal <p2_score> is used but never assigned. This sourceless signal will be automatically connected to value GND.
WARNING:Xst:653 - Signal <p1_score> is used but never assigned. This sourceless signal will be automatically connected to value GND.
WARNING:Xst:653 - Signal <state> is used but never assigned. This sourceless signal will be automatically connected to value GND.
    Register <vga_b> equivalent to <vga_r> has been removed
    Register <vga_g> equivalent to <vga_r> has been removed
    Found 28-bit register for signal <DIV_CLK>.
    Found 10-bit register for signal <position>.
    Found 1-bit register for signal <vga_r>.
    Found 28-bit adder for signal <DIV_CLK[27]_GND_1_o_add_0_OUT> created at line 29.
    Found 10-bit adder for signal <position[9]_GND_1_o_add_4_OUT> created at line 54.
    Found 10-bit subtractor for signal <GND_1_o_GND_1_o_sub_6_OUT<9:0>> created at line 56.
    Found 16x7-bit Read Only RAM for signal <SSD_CATHODES>
    Found 16x192-bit Read Only RAM for signal <_n0138>
    Found 10-bit comparator greater for signal <CounterY[9]_GND_1_o_LessThan_11_o> created at line 64
    Found 10-bit comparator greater for signal <CounterX[9]_GND_1_o_LessThan_12_o> created at line 64
    Summary:
	inferred   2 RAM(s).
	inferred   2 Adder/Subtractor(s).
	inferred  39 D-type flip-flop(s).
	inferred   2 Comparator(s).
	inferred  12 Multiplexer(s).
Unit <ConwayVGA> synthesized.

Synthesizing Unit <hvsync_generator>.
    Related source file is "C:\Users\Win10\Documents\GitHub\EE354-Final-Project\Conway_Game_of_Life\hvsync_generator.v".
    Found 6-bit register for signal <x>.
    Found 10-bit register for signal <CounterY>.
    Found 6-bit register for signal <y>.
    Found 1-bit register for signal <vga_HS>.
    Found 1-bit register for signal <vga_VS>.
    Found 1-bit register for signal <inDisplayArea>.
    Found 10-bit register for signal <CounterX>.
    Found 10-bit adder for signal <CounterX[9]_GND_3_o_add_2_OUT> created at line 42.
    Found 6-bit adder for signal <x[5]_GND_3_o_add_4_OUT> created at line 44.
    Found 10-bit adder for signal <CounterY[9]_GND_3_o_add_15_OUT> created at line 59.
    Found 6-bit adder for signal <y[5]_GND_3_o_add_17_OUT> created at line 61.
    Found 10-bit comparator greater for signal <PWR_3_o_CounterX[9]_LessThan_29_o> created at line 67
    Found 10-bit comparator greater for signal <CounterX[9]_PWR_3_o_LessThan_30_o> created at line 67
    Found 10-bit comparator greater for signal <CounterX[9]_PWR_3_o_LessThan_34_o> created at line 76
    Found 10-bit comparator greater for signal <CounterY[9]_GND_3_o_LessThan_35_o> created at line 76
    Summary:
	inferred   4 Adder/Subtractor(s).
	inferred  35 D-type flip-flop(s).
	inferred   4 Comparator(s).
Unit <hvsync_generator> synthesized.

=========================================================================
HDL Synthesis Report

Macro Statistics
# RAMs                                                 : 2
 16x192-bit single-port Read Only RAM                  : 1
 16x7-bit single-port Read Only RAM                    : 1
# Adders/Subtractors                                   : 6
 10-bit adder                                          : 2
 10-bit addsub                                         : 1
 28-bit adder                                          : 1
 6-bit adder                                           : 2
# Registers                                            : 10
 1-bit register                                        : 4
 10-bit register                                       : 3
 28-bit register                                       : 1
 6-bit register                                        : 2
# Comparators                                          : 6
 10-bit comparator greater                             : 6
# Multiplexers                                         : 12
 1-bit 2-to-1 multiplexer                              : 4
 64-bit 2-to-1 multiplexer                             : 8

=========================================================================

=========================================================================
*                       Advanced HDL Synthesis                          *
=========================================================================


Synthesizing (advanced) Unit <ConwayVGA>.
The following registers are absorbed into accumulator <position>: 1 register on signal <position>.
The following registers are absorbed into counter <DIV_CLK>: 1 register on signal <DIV_CLK>.
INFO:Xst:3218 - HDL ADVISOR - The RAM <Mram__n0138> will be implemented on LUTs either because you have described an asynchronous read or because of currently unsupported block RAM features. If you have described an asynchronous read, making it synchronous would allow you to take advantage of available block RAM resources, for optimized device usage and improved timings. Please refer to your documentation for coding guidelines.
    -----------------------------------------------------------------------
    | ram_type           | Distributed                         |          |
    -----------------------------------------------------------------------
    | Port A                                                              |
    |     aspect ratio   | 16-word x 192-bit                   |          |
    |     weA            | connected to signal <GND>           | high     |
    |     addrA          | connected to signal <x>             |          |
    |     diA            | connected to signal <GND>           |          |
    |     doA            | connected to internal node          |          |
    -----------------------------------------------------------------------
INFO:Xst:3218 - HDL ADVISOR - The RAM <Mram_SSD_CATHODES> will be implemented on LUTs either because you have described an asynchronous read or because of currently unsupported block RAM features. If you have described an asynchronous read, making it synchronous would allow you to take advantage of available block RAM resources, for optimized device usage and improved timings. Please refer to your documentation for coding guidelines.
    -----------------------------------------------------------------------
    | ram_type           | Distributed                         |          |
    -----------------------------------------------------------------------
    | Port A                                                              |
    |     aspect ratio   | 16-word x 7-bit                     |          |
    |     weA            | connected to signal <GND>           | high     |
    |     addrA          | connected to signal <SSD>           |          |
    |     diA            | connected to signal <GND>           |          |
    |     doA            | connected to signal <Cg>            |          |
    -----------------------------------------------------------------------
Unit <ConwayVGA> synthesized (advanced).

Synthesizing (advanced) Unit <hvsync_generator>.
The following registers are absorbed into counter <CounterX>: 1 register on signal <CounterX>.
The following registers are absorbed into counter <x>: 1 register on signal <x>.
The following registers are absorbed into counter <CounterY>: 1 register on signal <CounterY>.
The following registers are absorbed into counter <y>: 1 register on signal <y>.
Unit <hvsync_generator> synthesized (advanced).

=========================================================================
Advanced HDL Synthesis Report

Macro Statistics
# RAMs                                                 : 2
 16x192-bit single-port distributed Read Only RAM      : 1
 16x7-bit single-port distributed Read Only RAM        : 1
# Counters                                             : 5
 10-bit up counter                                     : 2
 28-bit up counter                                     : 1
 6-bit up counter                                      : 2
# Accumulators                                         : 1
 10-bit updown accumulator                             : 1
# Registers                                            : 4
 Flip-Flops                                            : 4
# Comparators                                          : 6
 10-bit comparator greater                             : 6
# Multiplexers                                         : 12
 1-bit 2-to-1 multiplexer                              : 4
 64-bit 2-to-1 multiplexer                             : 8

=========================================================================

=========================================================================
*                         Low Level Synthesis                           *
=========================================================================
WARNING:Xst:2677 - Node <DIV_CLK_22> of sequential type is unconnected in block <ConwayVGA>.
WARNING:Xst:2677 - Node <DIV_CLK_23> of sequential type is unconnected in block <ConwayVGA>.
WARNING:Xst:2677 - Node <DIV_CLK_24> of sequential type is unconnected in block <ConwayVGA>.
WARNING:Xst:2677 - Node <DIV_CLK_25> of sequential type is unconnected in block <ConwayVGA>.
WARNING:Xst:2677 - Node <DIV_CLK_26> of sequential type is unconnected in block <ConwayVGA>.
WARNING:Xst:2677 - Node <DIV_CLK_27> of sequential type is unconnected in block <ConwayVGA>.
WARNING:Xst:2677 - Node <position_4> of sequential type is unconnected in block <ConwayVGA>.
WARNING:Xst:2677 - Node <position_5> of sequential type is unconnected in block <ConwayVGA>.
WARNING:Xst:2677 - Node <position_6> of sequential type is unconnected in block <ConwayVGA>.
WARNING:Xst:2677 - Node <position_9> of sequential type is unconnected in block <ConwayVGA>.
WARNING:Xst:2677 - Node <position_7> of sequential type is unconnected in block <ConwayVGA>.
WARNING:Xst:2677 - Node <position_8> of sequential type is unconnected in block <ConwayVGA>.

Optimizing unit <ConwayVGA> ...
WARNING:Xst:1710 - FF/Latch <position_0> (without init value) has a constant value of 0 in block <ConwayVGA>. This FF/Latch will be trimmed during the optimization process.

Optimizing unit <hvsync_generator> ...
WARNING:Xst:2677 - Node <syncgen/y_5> of sequential type is unconnected in block <ConwayVGA>.
WARNING:Xst:2677 - Node <syncgen/y_4> of sequential type is unconnected in block <ConwayVGA>.
WARNING:Xst:2677 - Node <syncgen/x_5> of sequential type is unconnected in block <ConwayVGA>.
WARNING:Xst:2677 - Node <syncgen/x_4> of sequential type is unconnected in block <ConwayVGA>.

Mapping all equations...
Building and optimizing final netlist ...
Found area constraint ratio of 100 (+ 5) on block ConwayVGA, actual ratio is 1.

Final Macro Processing ...

=========================================================================
Final Register Report

Macro Statistics
# Registers                                            : 58
 Flip-Flops                                            : 58

=========================================================================

=========================================================================
*                           Partition Report                            *
=========================================================================

Partition Implementation Status
-------------------------------

  No Partitions were found in this design.

-------------------------------

=========================================================================
*                            Design Summary                             *
=========================================================================

Top Level Output File Name         : ConwayVGA.ngc

Primitive and Black Box Usage:
------------------------------
# BELS                             : 218
#      BUF                         : 3
#      GND                         : 1
#      INV                         : 6
#      LUT1                        : 39
#      LUT2                        : 23
#      LUT3                        : 1
#      LUT4                        : 17
#      LUT5                        : 7
#      LUT6                        : 38
#      MUXCY                       : 39
#      MUXF7                       : 1
#      VCC                         : 1
#      XORCY                       : 42
# FlipFlops/Latches                : 58
#      FD                          : 32
#      FDC                         : 22
#      FDRE                        : 4
# Clock Buffers                    : 2
#      BUFG                        : 1
#      BUFGP                       : 1
# IO Buffers                       : 34
#      IBUF                        : 4
#      OBUF                        : 30

Device utilization summary:
---------------------------

Selected Device : 6slx16csg324-3 


Slice Logic Utilization: 
 Number of Slice Registers:              58  out of  18224     0%  
 Number of Slice LUTs:                  131  out of   9112     1%  
    Number used as Logic:               131  out of   9112     1%  

Slice Logic Distribution: 
 Number of LUT Flip Flop pairs used:    132
   Number with an unused Flip Flop:      74  out of    132    56%  
   Number with an unused LUT:             1  out of    132     0%  
   Number of fully used LUT-FF pairs:    57  out of    132    43%  
   Number of unique control sets:         3

IO Utilization: 
 Number of IOs:                          35
 Number of bonded IOBs:                  35  out of    232    15%  

Specific Feature Utilization:
 Number of BUFG/BUFGCTRLs:                2  out of     16    12%  

---------------------------
Partition Resource Summary:
---------------------------

  No Partitions were found in this design.

---------------------------


=========================================================================
Timing Report

NOTE: THESE TIMING NUMBERS ARE ONLY A SYNTHESIS ESTIMATE.
      FOR ACCURATE TIMING INFORMATION PLEASE REFER TO THE TRACE REPORT
      GENERATED AFTER PLACE-and-ROUTE.

Clock Information:
------------------
-----------------------------------+------------------------+-------+
Clock Signal                       | Clock buffer(FF name)  | Load  |
-----------------------------------+------------------------+-------+
ClkPort                            | BUFGP                  | 22    |
DIV_CLK_21                         | NONE(position_0)       | 4     |
DIV_CLK_1                          | BUFG                   | 32    |
-----------------------------------+------------------------+-------+
INFO:Xst:2169 - HDL ADVISOR - Some clock signals were not automatically buffered by XST with BUFG/BUFR resources. Please use the buffer_type constraint in order to insert these buffers to the clock signals to help prevent skew problems.

Asynchronous Control Signals Information:
----------------------------------------
No asynchronous control signals found in this design

Timing Summary:
---------------
Speed Grade: -3

   Minimum period: 4.074ns (Maximum Frequency: 245.435MHz)
   Minimum input arrival time before clock: 5.823ns
   Maximum output required time after clock: 5.001ns
   Maximum combinational path delay: 6.316ns

Timing Details:
---------------
All values displayed in nanoseconds (ns)

=========================================================================
Timing constraint: Default period analysis for Clock 'ClkPort'
  Clock period: 2.066ns (frequency: 484.062MHz)
  Total number of paths / destination ports: 253 / 22
-------------------------------------------------------------------------
Delay:               2.066ns (Levels of Logic = 23)
  Source:            DIV_CLK_0 (FF)
  Destination:       DIV_CLK_21 (FF)
  Source Clock:      ClkPort rising
  Destination Clock: ClkPort rising

  Data Path: DIV_CLK_0 to DIV_CLK_21
                                Gate     Net
    Cell:in->out      fanout   Delay   Delay  Logical Name (Net Name)
    ----------------------------------------  ------------
     FDC:C->Q              1   0.447   0.579  DIV_CLK_0 (DIV_CLK_0)
     INV:I->O              1   0.206   0.000  Mcount_DIV_CLK_lut<0>_INV_0 (Mcount_DIV_CLK_lut<0>)
     MUXCY:S->O            1   0.172   0.000  Mcount_DIV_CLK_cy<0> (Mcount_DIV_CLK_cy<0>)
     MUXCY:CI->O           1   0.019   0.000  Mcount_DIV_CLK_cy<1> (Mcount_DIV_CLK_cy<1>)
     MUXCY:CI->O           1   0.019   0.000  Mcount_DIV_CLK_cy<2> (Mcount_DIV_CLK_cy<2>)
     MUXCY:CI->O           1   0.019   0.000  Mcount_DIV_CLK_cy<3> (Mcount_DIV_CLK_cy<3>)
     MUXCY:CI->O           1   0.019   0.000  Mcount_DIV_CLK_cy<4> (Mcount_DIV_CLK_cy<4>)
     MUXCY:CI->O           1   0.019   0.000  Mcount_DIV_CLK_cy<5> (Mcount_DIV_CLK_cy<5>)
     MUXCY:CI->O           1   0.019   0.000  Mcount_DIV_CLK_cy<6> (Mcount_DIV_CLK_cy<6>)
     MUXCY:CI->O           1   0.019   0.000  Mcount_DIV_CLK_cy<7> (Mcount_DIV_CLK_cy<7>)
     MUXCY:CI->O           1   0.019   0.000  Mcount_DIV_CLK_cy<8> (Mcount_DIV_CLK_cy<8>)
     MUXCY:CI->O           1   0.019   0.000  Mcount_DIV_CLK_cy<9> (Mcount_DIV_CLK_cy<9>)
     MUXCY:CI->O           1   0.019   0.000  Mcount_DIV_CLK_cy<10> (Mcount_DIV_CLK_cy<10>)
     MUXCY:CI->O           1   0.019   0.000  Mcount_DIV_CLK_cy<11> (Mcount_DIV_CLK_cy<11>)
     MUXCY:CI->O           1   0.019   0.000  Mcount_DIV_CLK_cy<12> (Mcount_DIV_CLK_cy<12>)
     MUXCY:CI->O           1   0.019   0.000  Mcount_DIV_CLK_cy<13> (Mcount_DIV_CLK_cy<13>)
     MUXCY:CI->O           1   0.019   0.000  Mcount_DIV_CLK_cy<14> (Mcount_DIV_CLK_cy<14>)
     MUXCY:CI->O           1   0.019   0.000  Mcount_DIV_CLK_cy<15> (Mcount_DIV_CLK_cy<15>)
     MUXCY:CI->O           1   0.019   0.000  Mcount_DIV_CLK_cy<16> (Mcount_DIV_CLK_cy<16>)
     MUXCY:CI->O           1   0.019   0.000  Mcount_DIV_CLK_cy<17> (Mcount_DIV_CLK_cy<17>)
     MUXCY:CI->O           1   0.019   0.000  Mcount_DIV_CLK_cy<18> (Mcount_DIV_CLK_cy<18>)
     MUXCY:CI->O           1   0.019   0.000  Mcount_DIV_CLK_cy<19> (Mcount_DIV_CLK_cy<19>)
     MUXCY:CI->O           0   0.019   0.000  Mcount_DIV_CLK_cy<20> (Mcount_DIV_CLK_cy<20>)
     XORCY:CI->O           1   0.180   0.000  Mcount_DIV_CLK_xor<21> (Result<21>)
     FDC:D                     0.102          DIV_CLK_21
    ----------------------------------------
    Total                      2.066ns (1.487ns logic, 0.579ns route)
                                       (72.0% logic, 28.0% route)

=========================================================================
Timing constraint: Default period analysis for Clock 'DIV_CLK_21'
  Clock period: 2.190ns (frequency: 456.663MHz)
  Total number of paths / destination ports: 7 / 4
-------------------------------------------------------------------------
Delay:               2.190ns (Levels of Logic = 1)
  Source:            position_1 (FF)
  Destination:       position_1 (FF)
  Source Clock:      DIV_CLK_21 rising
  Destination Clock: DIV_CLK_21 rising

  Data Path: position_1 to position_1
                                Gate     Net
    Cell:in->out      fanout   Delay   Delay  Logical Name (Net Name)
    ----------------------------------------  ------------
     FDRE:C->Q            10   0.447   0.856  position_1 (position_1)
     INV:I->O              1   0.206   0.579  Maccum_position_xor<1>11_INV_0 (Result<1>1)
     FDRE:D                    0.102          position_1
    ----------------------------------------
    Total                      2.190ns (0.755ns logic, 1.435ns route)
                                       (34.5% logic, 65.5% route)

=========================================================================
Timing constraint: Default period analysis for Clock 'DIV_CLK_1'
  Clock period: 4.074ns (frequency: 245.435MHz)
  Total number of paths / destination ports: 635 / 32
-------------------------------------------------------------------------
Delay:               4.074ns (Levels of Logic = 3)
  Source:            syncgen/CounterX_2 (FF)
  Destination:       syncgen/y_0 (FF)
  Source Clock:      DIV_CLK_1 rising
  Destination Clock: DIV_CLK_1 rising

  Data Path: syncgen/CounterX_2 to syncgen/y_0
                                Gate     Net
    Cell:in->out      fanout   Delay   Delay  Logical Name (Net Name)
    ----------------------------------------  ------------
     FD:C->Q               4   0.447   0.931  syncgen/CounterX_2 (syncgen/CounterX_2)
     LUT4:I0->O           19   0.203   1.300  syncgen/_n0080_inv111 (syncgen/_n0080_inv11)
     LUT6:I3->O            1   0.205   0.684  syncgen/y_0_rstpot (syncgen/y_0_rstpot)
     LUT2:I0->O            1   0.203   0.000  syncgen/y_0_rstpot1 (syncgen/y_0_rstpot1)
     FD:D                      0.102          syncgen/y_0
    ----------------------------------------
    Total                      4.074ns (1.160ns logic, 2.914ns route)
                                       (28.5% logic, 71.5% route)

=========================================================================
Timing constraint: Default OFFSET IN BEFORE for Clock 'ClkPort'
  Total number of paths / destination ports: 22 / 22
-------------------------------------------------------------------------
Offset:              4.175ns (Levels of Logic = 2)
  Source:            Sw0 (PAD)
  Destination:       DIV_CLK_0 (FF)
  Destination Clock: ClkPort rising

  Data Path: Sw0 to DIV_CLK_0
                                Gate     Net
    Cell:in->out      fanout   Delay   Delay  Logical Name (Net Name)
    ----------------------------------------  ------------
     IBUF:I->O             1   1.222   0.579  Sw0_IBUF (Sw0_IBUF)
     BUF:I->O             38   0.568   1.376  BUF2 (LD4_OBUF)
     FDC:CLR                   0.430          DIV_CLK_0
    ----------------------------------------
    Total                      4.175ns (2.220ns logic, 1.955ns route)
                                       (53.2% logic, 46.8% route)

=========================================================================
Timing constraint: Default OFFSET IN BEFORE for Clock 'DIV_CLK_21'
  Total number of paths / destination ports: 16 / 10
-------------------------------------------------------------------------
Offset:              4.175ns (Levels of Logic = 2)
  Source:            Sw0 (PAD)
  Destination:       position_0 (FF)
  Destination Clock: DIV_CLK_21 rising

  Data Path: Sw0 to position_0
                                Gate     Net
    Cell:in->out      fanout   Delay   Delay  Logical Name (Net Name)
    ----------------------------------------  ------------
     IBUF:I->O             1   1.222   0.579  Sw0_IBUF (Sw0_IBUF)
     BUF:I->O             38   0.568   1.376  BUF2 (LD4_OBUF)
     FDRE:R                    0.430          position_0
    ----------------------------------------
    Total                      4.175ns (2.220ns logic, 1.955ns route)
                                       (53.2% logic, 46.8% route)

=========================================================================
Timing constraint: Default OFFSET IN BEFORE for Clock 'DIV_CLK_1'
  Total number of paths / destination ports: 32 / 29
-------------------------------------------------------------------------
Offset:              5.823ns (Levels of Logic = 4)
  Source:            Sw0 (PAD)
  Destination:       syncgen/CounterY_0 (FF)
  Destination Clock: DIV_CLK_1 rising

  Data Path: Sw0 to syncgen/CounterY_0
                                Gate     Net
    Cell:in->out      fanout   Delay   Delay  Logical Name (Net Name)
    ----------------------------------------  ------------
     IBUF:I->O             1   1.222   0.579  Sw0_IBUF (Sw0_IBUF)
     BUF:I->O             38   0.568   1.741  BUF2 (LD4_OBUF)
     LUT6:I0->O           14   0.203   1.205  syncgen/Mcount_CounterY_val (syncgen/Mcount_CounterY_val)
     LUT4:I0->O            1   0.203   0.000  syncgen/CounterY_0_rstpot (syncgen/CounterY_0_rstpot)
     FD:D                      0.102          syncgen/CounterY_0
    ----------------------------------------
    Total                      5.823ns (2.298ns logic, 3.525ns route)
                                       (39.5% logic, 60.5% route)

=========================================================================
Timing constraint: Default OFFSET OUT AFTER for Clock 'DIV_CLK_1'
  Total number of paths / destination ports: 5 / 5
-------------------------------------------------------------------------
Offset:              4.382ns (Levels of Logic = 2)
  Source:            syncgen/vga_HS (FF)
  Destination:       vga_h_sync (PAD)
  Source Clock:      DIV_CLK_1 rising

  Data Path: syncgen/vga_HS to vga_h_sync
                                Gate     Net
    Cell:in->out      fanout   Delay   Delay  Logical Name (Net Name)
    ----------------------------------------  ------------
     FD:C->Q               1   0.447   0.579  syncgen/vga_HS (syncgen/vga_HS)
     INV:I->O              1   0.206   0.579  syncgen/vga_h_sync1_INV_0 (vga_h_sync_OBUF)
     OBUF:I->O                 2.571          vga_h_sync_OBUF (vga_h_sync)
    ----------------------------------------
    Total                      4.382ns (3.224ns logic, 1.158ns route)
                                       (73.6% logic, 26.4% route)

=========================================================================
Timing constraint: Default OFFSET OUT AFTER for Clock 'ClkPort'
  Total number of paths / destination ports: 22 / 11
-------------------------------------------------------------------------
Offset:              4.813ns (Levels of Logic = 2)
  Source:            DIV_CLK_18 (FF)
  Destination:       An0 (PAD)
  Source Clock:      ClkPort rising

  Data Path: DIV_CLK_18 to An0
                                Gate     Net
    Cell:in->out      fanout   Delay   Delay  Logical Name (Net Name)
    ----------------------------------------  ------------
     FDC:C->Q             12   0.447   1.013  DIV_CLK_18 (DIV_CLK_18)
     LUT2:I0->O            1   0.203   0.579  An21 (An2_OBUF)
     OBUF:I->O                 2.571          An2_OBUF (An2)
    ----------------------------------------
    Total                      4.813ns (3.221ns logic, 1.592ns route)
                                       (66.9% logic, 33.1% route)

=========================================================================
Timing constraint: Default OFFSET OUT AFTER for Clock 'DIV_CLK_21'
  Total number of paths / destination ports: 28 / 7
-------------------------------------------------------------------------
Offset:              5.001ns (Levels of Logic = 2)
  Source:            position_1 (FF)
  Destination:       Ca (PAD)
  Source Clock:      DIV_CLK_21 rising

  Data Path: position_1 to Ca
                                Gate     Net
    Cell:in->out      fanout   Delay   Delay  Logical Name (Net Name)
    ----------------------------------------  ------------
     FDRE:C->Q            10   0.447   1.201  position_1 (position_1)
     LUT6:I1->O            1   0.203   0.579  Mram_SSD_CATHODES61 (Ca_OBUF)
     OBUF:I->O                 2.571          Ca_OBUF (Ca)
    ----------------------------------------
    Total                      5.001ns (3.221ns logic, 1.780ns route)
                                       (64.4% logic, 35.6% route)

=========================================================================
Timing constraint: Default path analysis
  Total number of paths / destination ports: 2 / 2
-------------------------------------------------------------------------
Delay:               6.316ns (Levels of Logic = 3)
  Source:            Sw0 (PAD)
  Destination:       LD4 (PAD)

  Data Path: Sw0 to LD4
                                Gate     Net
    Cell:in->out      fanout   Delay   Delay  Logical Name (Net Name)
    ----------------------------------------  ------------
     IBUF:I->O             1   1.222   0.579  Sw0_IBUF (Sw0_IBUF)
     BUF:I->O             38   0.568   1.376  BUF2 (LD4_OBUF)
     OBUF:I->O                 2.571          LD4_OBUF (LD4)
    ----------------------------------------
    Total                      6.316ns (4.361ns logic, 1.955ns route)
                                       (69.0% logic, 31.0% route)

=========================================================================

Cross Clock Domains Report:
--------------------------

Clock to Setup on destination clock ClkPort
---------------+---------+---------+---------+---------+
               | Src:Rise| Src:Fall| Src:Rise| Src:Fall|
Source Clock   |Dest:Rise|Dest:Rise|Dest:Fall|Dest:Fall|
---------------+---------+---------+---------+---------+
ClkPort        |    2.066|         |         |         |
---------------+---------+---------+---------+---------+

Clock to Setup on destination clock DIV_CLK_1
---------------+---------+---------+---------+---------+
               | Src:Rise| Src:Fall| Src:Rise| Src:Fall|
Source Clock   |Dest:Rise|Dest:Rise|Dest:Fall|Dest:Fall|
---------------+---------+---------+---------+---------+
DIV_CLK_1      |    4.074|         |         |         |
---------------+---------+---------+---------+---------+

Clock to Setup on destination clock DIV_CLK_21
---------------+---------+---------+---------+---------+
               | Src:Rise| Src:Fall| Src:Rise| Src:Fall|
Source Clock   |Dest:Rise|Dest:Rise|Dest:Fall|Dest:Fall|
---------------+---------+---------+---------+---------+
DIV_CLK_21     |    2.190|         |         |         |
---------------+---------+---------+---------+---------+

=========================================================================


Total REAL time to Xst completion: 13.00 secs
Total CPU time to Xst completion: 13.72 secs
 
--> 

Total memory usage is 299328 kilobytes

Number of errors   :    0 (   0 filtered)
Number of warnings :   62 (   0 filtered)
Number of infos    :    3 (   0 filtered)

